This is pdfTeX, Version 3.14159265-2.6-1.40.21 (MiKTeX 20.7) (preloaded format=pdflatex 2020.8.17)  6 OCT 2020 12:52
entering extended mode
**"./Solution Manual for Versatile Math 2nd Edition.tex"
("Solution Manual for Versatile Math 2nd Edition.tex"
LaTeX2e <2020-02-02> patch level 5
L3 programming layer <2020-08-07>
("C:\Program Files\MiKTeX\tex/latex/memoir\memoir.cls"
Document Class: memoir 2020/06/02 v3.7l configurable book, report, article docu
ment class
\onelineskip=\skip47
\lxvchars=\skip48
\xlvchars=\skip49
\@memcnta=\count168
\c@@memmarkcntra=\count169
LaTeX Info: Redefining \InputIfFileExists on input line 140.
("C:\Program Files\MiKTeX\tex/latex/iftex\iftex.sty"
Package: iftex 2020/03/06 v1.0d TeX engine tests
)
\stockheight=\skip50
\stockwidth=\skip51
\trimtop=\skip52
\trimedge=\skip53

("C:\Program Files\MiKTeX\tex/latex/base\fleqn.clo"
File: fleqn.clo 2016/12/29 v1.2b Standard LaTeX option (flush left equations)
\mathindent=\dimen134
Applying: [2015/01/01] Make \[ robust on input line 50.
LaTeX Info: Redefining \[ on input line 51.
Already applied: [0000/00/00] Make \[ robust on input line 62.
Applying: [2015/01/01] Make \] robust on input line 74.
LaTeX Info: Redefining \] on input line 75.
Already applied: [0000/00/00] Make \] robust on input line 83.
)
("C:\Program Files\MiKTeX\tex/latex/memoir\mem9.clo"
File: mem9.clo 2008/01/30 v0.4 memoir class 9pt size option
)
\binding=\skip54
\spinemargin=\skip55
\foremargin=\skip56
\uppermargin=\skip57
\lowermargin=\skip58
\headdrop=\skip59
\normalrulethickness=\skip60
\mem@maxheadheight=\skip61
\mem@maxfootheight=\skip62
\headwidth=\skip63
\c@storedpagenumber=\count170
\memPD=\dimen135
\m@mabparskip=\skip64
\thanksmarkwidth=\skip65
\thanksmarksep=\skip66
\droptitle=\skip67
\c@book=\count171
\c@part=\count172
\c@chapter=\count173
\c@section=\count174
\c@subsection=\count175
\c@subsubsection=\count176
\c@paragraph=\count177
\c@subparagraph=\count178
\beforechapskip=\skip68
\midchapskip=\skip69
\afterchapskip=\skip70
\chapindent=\skip71
\bottomsectionskip=\skip72
\secindent=\skip73
\beforesecskip=\skip74
\aftersecskip=\skip75
\subsecindent=\skip76
\beforesubsecskip=\skip77
\aftersubsecskip=\skip78
\subsubsecindent=\skip79
\beforesubsubsecskip=\skip80
\aftersubsubsecskip=\skip81
\paraindent=\skip82
\beforeparaskip=\skip83
\afterparaskip=\skip84
\subparaindent=\skip85
\beforesubparaskip=\skip86
\aftersubparaskip=\skip87
\pfbreakskip=\skip88
\c@@ppsavesec=\count179
\c@@ppsaveapp=\count180
\ragrparindent=\dimen136
\everylistparindent=\dimen137
\parsepi=\skip89
\topsepi=\skip90
\itemsepi=\skip91
\parsepii=\skip92
\topsepii=\skip93
\topsepiii=\skip94
\itemsepii=\skip95
\itemsepiii=\skip96
\partopsepii=\skip97
\partopsepiii=\skip98
\m@msavetopsep=\skip99
\m@msavepartopsep=\skip100
\@enLab=\toks15
\abstitleskip=\skip101
\absleftindent=\skip102
\abs@leftindent=\dimen138
\absrightindent=\skip103
\absparindent=\skip104
\absparsep=\skip105
\c@vslineno=\count181
\c@poemline=\count182
\c@modulo@vs=\count183
\c@memfvsline=\count184
\vleftskip=\skip106
\vrightskip=\skip107
\stanzaskip=\skip108
\versewidth=\skip109
\vgap=\skip110
\vindent=\skip111
\vleftmargin=\dimen139
\c@verse=\count185
\c@chrsinstr=\count186
\beforepoemtitleskip=\skip112
\afterpoemtitleskip=\skip113
\c@poem=\count187
\beforePoemTitleskip=\skip114
\midPoemTitleskip=\skip115
\afterPoemTitleskip=\skip116

("C:\Program Files\MiKTeX\tex/latex/tools\array.sty"
Package: array 2019/08/31 v2.4l Tabular extension package (FMi)
\col@sep=\dimen140
\ar@mcellbox=\box45
\extrarowheight=\dimen141
\NC@list=\toks16
\extratabsurround=\skip117
\backup@length=\skip118
\ar@cellbox=\box46
)
("C:\Program Files\MiKTeX\tex/latex/tools\dcolumn.sty"
Package: dcolumn 2014/10/28 v1.06 decimal alignment package (DPC)
)
("C:\Program Files\MiKTeX\tex/latex/tools\delarray.sty"
Package: delarray 2014/10/28 v1.01 array delimiter package (DPC)
)
("C:\Program Files\MiKTeX\tex/latex/tools\tabularx.sty"
Package: tabularx 2020/01/15 v2.11c `tabularx' package (DPC)
\TX@col@width=\dimen142
\TX@old@table=\dimen143
\TX@old@col=\dimen144
\TX@target=\dimen145
\TX@delta=\dimen146
\TX@cols=\count188
\TX@ftn=\toks17
)
\heavyrulewidth=\dimen147
\lightrulewidth=\dimen148
\cmidrulewidth=\dimen149
\belowrulesep=\dimen150
\belowbottomsep=\dimen151
\aboverulesep=\dimen152
\abovetopsep=\dimen153
\cmidrulesep=\dimen154
\cmidrulekern=\dimen155
\defaultaddspace=\dimen156
\@cmidla=\count189
\@cmidlb=\count190
\@aboverulesep=\dimen157
\@belowrulesep=\dimen158
\@thisruleclass=\count191
\@lastruleclass=\count192
\@thisrulewidth=\dimen159
\ctableftskip=\skip119
\ctabrightskip=\skip120
\abovecolumnspenalty=\count193
\@linestogo=\count194
\@cellstogo=\count195
\@cellsincolumn=\count196
\crtok=\toks18
\@mincolumnwidth=\dimen160
\c@newflo@tctr=\count197
\mem@margin@floatbox=\box47
\@contcwidth=\skip121
\@contindw=\skip122
\abovecaptionskip=\skip123
\belowcaptionskip=\skip124
\subfloattopskip=\skip125
\subfloatcapskip=\skip126
\subfloatcaptopadj=\skip127
\subfloatbottomskip=\skip128
\subfloatlabelskip=\skip129
\subfloatcapmargin=\dimen161
\c@@contsubnum=\count198
\m@mscap@capbox=\box48
\m@mscap@fbox=\box49
\sidecapsep=\dimen162
\sidecapwidth=\dimen163
\m@m@tempdima=\dimen164
\m@mscapraise=\dimen165
\sidecapraise=\dimen166
\m@mscapmainwidth=\dimen167
\m@mscaplkern=\dimen168
\beforeepigraphskip=\skip130
\afterepigraphskip=\skip131
\epigraphwidth=\skip132
\epigraphrule=\skip133
LaTeX Info: Redefining \em on input line 7664.
LaTeX Info: Redefining \emph on input line 7672.
\tocentryskip=\skip134
\tocbaseline=\skip135
\cftparskip=\skip136
\cftbeforebookskip=\skip137
\cftbookindent=\dimen169
\cftbooknumwidth=\dimen170
\cftbeforepartskip=\skip138
\cftpartindent=\skip139
\cftpartnumwidth=\skip140
\cftbeforechapterskip=\skip141
\cftchapterindent=\skip142
\cftchapternumwidth=\skip143
\cftbeforesectionskip=\skip144
\cftsectionindent=\skip145
\cftsectionnumwidth=\skip146
\cftbeforesubsectionskip=\skip147
\cftsubsectionindent=\skip148
\cftsubsectionnumwidth=\skip149
\cftbeforesubsubsectionskip=\skip150
\cftsubsubsectionindent=\skip151
\cftsubsubsectionnumwidth=\skip152
\cftbeforeparagraphskip=\skip153
\cftparagraphindent=\skip154
\cftparagraphnumwidth=\skip155
\cftbeforesubparagraphskip=\skip156
\cftsubparagraphindent=\skip157
\cftsubparagraphnumwidth=\skip158
\prechapterprecisshift=\dimen171
\c@maxsecnumdepth=\count199
\bibindent=\dimen172
\bibitemsep=\skip159
\indexcolsep=\skip160
\indexrule=\skip161
\indexmarkstyle=\toks19
\@indexbox=\insert252
\glossarycolsep=\dimen173
\glossaryrule=\dimen174
\sideparvshift=\skip162
\sideins=\insert251
\sidebartopsep=\skip163
\sidebarhsep=\skip164
\sidebarvsep=\skip165
\sidebarwidth=\skip166
\footmarkwidth=\skip167
\footmarksep=\skip168
\footparindent=\skip169
\footinsdim=\skip170
\footinsv@r=\insert250
\@mpfootinsv@r=\insert249
\m@m@k=\count266
\m@m@h=\dimen175
\m@mipn@skip=\skip171
\sidefootins=\insert248
\sidefootadjust=\skip172
\sidefootheight=\skip173
\sidefoothsep=\skip174
\sidefootvsep=\skip175
\sidefootwidth=\skip176
\m@mdownsf=\skip177
\c@sidefootnote=\count267
\sidefootmarkwidth=\skip178
\sidefootmarksep=\skip179
\sidefootparindent=\skip180
\c@pagenote=\count268
\c@pagenoteshadow=\count269
\mem@pn@lastkern=\skip181
\every@verbatim=\toks20
\afterevery@verbatim=\toks21
\verbatim@line=\toks22
\tab@position=\count270
\verbatim@in@stream=\read2
\verbatimindent=\skip182
\verbatim@out=\write3
\bvboxsep=\skip183
\c@memfbvline=\count271
\c@bvlinectr=\count272
\bvnumlength=\skip184
\fb@frw=\dimen176
\fb@frh=\dimen177
\FrameRule=\dimen178
\FrameSep=\dimen179
\c@cp@cntr=\count273
LaTeX Info: Redefining \: on input line 12199.
LaTeX Info: Redefining \! on input line 12199.
\c@ism@mctr=\count274
\c@xsm@mctr=\count275
\c@csm@mctr=\count276
\c@ksm@mctr=\count277
\c@xksm@mctr=\count278
\c@cksm@mctr=\count279
\c@msm@mctr=\count280
\c@xmsm@mctr=\count281
\c@cmsm@mctr=\count282
\c@bsm@mctr=\count283
\c@workm@mctr=\count284
\c@sheetsequence=\count285
\c@lastsheet=\count286
\c@lastpage=\count287

("C:\Program Files\MiKTeX\tex/latex/textcase\textcase.sty"
Package: textcase 2019/09/14 v1.00 Text only upper/lower case changing (DPC)
)
\c@figure=\count288
\c@lofdepth=\count289
\cftbeforefigureskip=\skip185
\cftfigureindent=\skip186
\cftfigurenumwidth=\skip187
\c@table=\count290
\c@lotdepth=\count291
\cftbeforetableskip=\skip188
\cfttableindent=\skip189
\cfttablenumwidth=\skip190
Package abstract [2008/07/23] emulated by memoir.
Package appendix [2008/07/23] emulated by memoir.
Package booktabs [2016/05/16] emulated by memoir.
Package ccaption [2008/07/23] emulated by memoir.
Package changepage [2008/07/23] emulated by memoir.
Package chngcntr [2008/07/23] emulated by memoir.
Package chngpage [2008/07/23] emulated by memoir.
Package crop emulated by memoir.
Package enumerate [2008/07/23] emulated by memoir.
Package epigraph [2008/07/23] emulated by memoir.
Package ifmtarg [2008/07/23] emulated by memoir.
Package index [2008/07/23] emulated by memoir.
Package makeidx [2008/07/23] emulated by memoir.
Package moreverb [2008/07/23] emulated by memoir.
Package mparhack [2008/07/23] emulated by memoir.
Package needspace [2008/07/23] emulated by memoir.
Package newfile [2008/07/23] emulated by memoir.
Package nextpage [2008/07/23] emulated by memoir.
Package pagenote [2008/07/23] emulated by memoir.
Package parskip [2008/07/23] emulated by memoir.
Package patchcmd [2008/07/23] emulated by memoir.
Package setspace [2008/07/23] emulated by memoir.
Package shortvrb [2008/07/23] emulated by memoir.
Package showidx [2008/07/23] emulated by memoir.
Package titleref [2008/07/23] emulated by memoir.
Package titling [2008/07/23] emulated by memoir.
Package tocbibind [2008/07/23] emulated by memoir.
Package tocloft [2008/07/23] emulated by memoir.
Package tocvsec2 [2008/07/23] emulated by memoir.
Package verbatim [2008/07/23] emulated by memoir.
Package verse [2008/07/23] emulated by memoir.
) (Layout.tex
("C:\Program Files\MiKTeX\tex/latex/xcolor\xcolor.sty"
Package: xcolor 2016/05/11 v2.12 LaTeX color extensions (UK)

("C:\Program Files\MiKTeX\tex/latex/graphics-cfg\color.cfg"
File: color.cfg 2016/01/02 v1.6 sample color configuration
)
Package xcolor Info: Driver file: pdftex.def on input line 225.

("C:\Program Files\MiKTeX\tex/latex/graphics-def\pdftex.def"
File: pdftex.def 2018/01/08 v1.0l Graphics/color driver for pdftex
)
("C:\Program Files\MiKTeX\tex/latex/colortbl\colortbl.sty"
Package: colortbl 2020/01/04 v1.0e Color table columns (DPC)
\everycr=\toks23
\minrowclearance=\skip191
)
\rownum=\count292
Package xcolor Info: Model `cmy' substituted by `cmy0' on input line 1348.
Package xcolor Info: Model `hsb' substituted by `rgb' on input line 1352.
Package xcolor Info: Model `RGB' extended on input line 1364.
Package xcolor Info: Model `HTML' substituted by `rgb' on input line 1366.
Package xcolor Info: Model `Hsb' substituted by `hsb' on input line 1367.
Package xcolor Info: Model `tHsb' substituted by `hsb' on input line 1368.
Package xcolor Info: Model `HSB' substituted by `hsb' on input line 1369.
Package xcolor Info: Model `Gray' substituted by `gray' on input line 1370.
Package xcolor Info: Model `wave' substituted by `hsb' on input line 1371.

("C:\Program Files\MiKTeX\tex/latex/xcolor\svgnam.def"
File: svgnam.def 2016/05/11 v2.12 Predefined colors according to SVG 1.1 (UK)
))
("C:\Program Files\MiKTeX\tex/latex/circuitikz\circuitikz.sty"
Package: circuitikz 2020/08/07{} The CircuiTikz circuit drawing package version
 1.2.3

("C:\Program Files\MiKTeX\tex/latex/pgf/frontendlayer\tikz.sty"
("C:\Program Files\MiKTeX\tex/latex/pgf/basiclayer\pgf.sty"
("C:\Program Files\MiKTeX\tex/latex/pgf/utilities\pgfrcs.sty"
("C:\Program Files\MiKTeX\tex/generic/pgf/utilities\pgfutil-common.tex"
\pgfutil@everybye=\toks24
\pgfutil@tempdima=\dimen180
\pgfutil@tempdimb=\dimen181

("C:\Program Files\MiKTeX\tex/generic/pgf/utilities\pgfutil-common-lists.tex"))
("C:\Program Files\MiKTeX\tex/generic/pgf/utilities\pgfutil-latex.def"
\pgfutil@abb=\box50

("C:\Program Files\MiKTeX\tex/latex/ms\everyshi.sty"
Package: everyshi 2001/05/15 v3.00 EveryShipout Package (MS)
))
("C:\Program Files\MiKTeX\tex/generic/pgf/utilities\pgfrcs.code.tex"
("C:\Program Files\MiKTeX\tex/generic/pgf\pgf.revision.tex")
Package: pgfrcs 2020/01/08 v3.1.5b (3.1.5b)
))
Package: pgf 2020/01/08 v3.1.5b (3.1.5b)

("C:\Program Files\MiKTeX\tex/latex/pgf/basiclayer\pgfcore.sty"
("C:\Program Files\MiKTeX\tex/latex/graphics\graphicx.sty"
Package: graphicx 2019/11/30 v1.2a Enhanced LaTeX Graphics (DPC,SPQR)

("C:\Program Files\MiKTeX\tex/latex/graphics\keyval.sty"
Package: keyval 2014/10/28 v1.15 key=value parser (DPC)
\KV@toks@=\toks25
)
("C:\Program Files\MiKTeX\tex/latex/graphics\graphics.sty"
Package: graphics 2019/11/30 v1.4a Standard LaTeX Graphics (DPC,SPQR)

("C:\Program Files\MiKTeX\tex/latex/graphics\trig.sty"
Package: trig 2016/01/03 v1.10 sin cos tan (DPC)
)
("C:\Program Files\MiKTeX\tex/latex/graphics-cfg\graphics.cfg"
File: graphics.cfg 2016/06/04 v1.11 sample graphics configuration
)
Package graphics Info: Driver file: pdftex.def on input line 105.
)
\Gin@req@height=\dimen182
\Gin@req@width=\dimen183
)
("C:\Program Files\MiKTeX\tex/latex/pgf/systemlayer\pgfsys.sty"
("C:\Program Files\MiKTeX\tex/generic/pgf/systemlayer\pgfsys.code.tex"
Package: pgfsys 2020/01/08 v3.1.5b (3.1.5b)

("C:\Program Files\MiKTeX\tex/generic/pgf/utilities\pgfkeys.code.tex"
\pgfkeys@pathtoks=\toks26
\pgfkeys@temptoks=\toks27

("C:\Program Files\MiKTeX\tex/generic/pgf/utilities\pgfkeysfiltered.code.tex"
\pgfkeys@tmptoks=\toks28
))
\pgf@x=\dimen184
\pgf@y=\dimen185
\pgf@xa=\dimen186
\pgf@ya=\dimen187
\pgf@xb=\dimen188
\pgf@yb=\dimen189
\pgf@xc=\dimen190
\pgf@yc=\dimen191
\pgf@xd=\dimen192
\pgf@yd=\dimen193
\w@pgf@writea=\write4
\r@pgf@reada=\read3
\c@pgf@counta=\count293
\c@pgf@countb=\count294
\c@pgf@countc=\count295
\c@pgf@countd=\count296
\t@pgf@toka=\toks29
\t@pgf@tokb=\toks30
\t@pgf@tokc=\toks31
\pgf@sys@id@count=\count297
("C:\Program Files\MiKTeX\tex/generic/pgf/systemlayer\pgf.cfg"
File: pgf.cfg 2020/01/08 v3.1.5b (3.1.5b)
)
Driver file for pgf: pgfsys-pdftex.def

("C:\Program Files\MiKTeX\tex/generic/pgf/systemlayer\pgfsys-pdftex.def"
File: pgfsys-pdftex.def 2020/01/08 v3.1.5b (3.1.5b)

("C:\Program Files\MiKTeX\tex/generic/pgf/systemlayer\pgfsys-common-pdf.def"
File: pgfsys-common-pdf.def 2020/01/08 v3.1.5b (3.1.5b)
))) ("C:\Program Files\MiKTeX\tex/generic/pgf/systemlayer\pgfsyssoftpath.code.t
ex"
File: pgfsyssoftpath.code.tex 2020/01/08 v3.1.5b (3.1.5b)
\pgfsyssoftpath@smallbuffer@items=\count298
\pgfsyssoftpath@bigbuffer@items=\count299
) ("C:\Program Files\MiKTeX\tex/generic/pgf/systemlayer\pgfsysprotocol.code.tex
"
File: pgfsysprotocol.code.tex 2020/01/08 v3.1.5b (3.1.5b)
)) ("C:\Program Files\MiKTeX\tex/generic/pgf/basiclayer\pgfcore.code.tex"
Package: pgfcore 2020/01/08 v3.1.5b (3.1.5b)

("C:\Program Files\MiKTeX\tex/generic/pgf/math\pgfmath.code.tex"
("C:\Program Files\MiKTeX\tex/generic/pgf/math\pgfmathcalc.code.tex"
("C:\Program Files\MiKTeX\tex/generic/pgf/math\pgfmathutil.code.tex")
("C:\Program Files\MiKTeX\tex/generic/pgf/math\pgfmathparser.code.tex"
\pgfmath@dimen=\dimen194
\pgfmath@count=\count300
\pgfmath@box=\box51
\pgfmath@toks=\toks32
\pgfmath@stack@operand=\toks33
\pgfmath@stack@operation=\toks34
)
("C:\Program Files\MiKTeX\tex/generic/pgf/math\pgfmathfunctions.code.tex"
("C:\Program Files\MiKTeX\tex/generic/pgf/math\pgfmathfunctions.basic.code.tex"
)
("C:\Program Files\MiKTeX\tex/generic/pgf/math\pgfmathfunctions.trigonometric.c
ode.tex")
("C:\Program Files\MiKTeX\tex/generic/pgf/math\pgfmathfunctions.random.code.tex
")
("C:\Program Files\MiKTeX\tex/generic/pgf/math\pgfmathfunctions.comparison.code
.tex")
("C:\Program Files\MiKTeX\tex/generic/pgf/math\pgfmathfunctions.base.code.tex")
("C:\Program Files\MiKTeX\tex/generic/pgf/math\pgfmathfunctions.round.code.tex"
) ("C:\Program Files\MiKTeX\tex/generic/pgf/math\pgfmathfunctions.misc.code.tex
")
("C:\Program Files\MiKTeX\tex/generic/pgf/math\pgfmathfunctions.integerarithmet
ics.code.tex")))
("C:\Program Files\MiKTeX\tex/generic/pgf/math\pgfmathfloat.code.tex"
\c@pgfmathroundto@lastzeros=\count301
))
("C:\Program Files\MiKTeX\tex/generic/pgf/math\pgfint.code.tex")
("C:\Program Files\MiKTeX\tex/generic/pgf/basiclayer\pgfcorepoints.code.tex"
File: pgfcorepoints.code.tex 2020/01/08 v3.1.5b (3.1.5b)
\pgf@picminx=\dimen195
\pgf@picmaxx=\dimen196
\pgf@picminy=\dimen197
\pgf@picmaxy=\dimen198
\pgf@pathminx=\dimen199
\pgf@pathmaxx=\dimen256
\pgf@pathminy=\dimen257
\pgf@pathmaxy=\dimen258
\pgf@xx=\dimen259
\pgf@xy=\dimen260
\pgf@yx=\dimen261
\pgf@yy=\dimen262
\pgf@zx=\dimen263
\pgf@zy=\dimen264
)
("C:\Program Files\MiKTeX\tex/generic/pgf/basiclayer\pgfcorepathconstruct.code.
tex"
File: pgfcorepathconstruct.code.tex 2020/01/08 v3.1.5b (3.1.5b)
\pgf@path@lastx=\dimen265
\pgf@path@lasty=\dimen266
)
("C:\Program Files\MiKTeX\tex/generic/pgf/basiclayer\pgfcorepathusage.code.tex"
File: pgfcorepathusage.code.tex 2020/01/08 v3.1.5b (3.1.5b)
\pgf@shorten@end@additional=\dimen267
\pgf@shorten@start@additional=\dimen268
) ("C:\Program Files\MiKTeX\tex/generic/pgf/basiclayer\pgfcorescopes.code.tex"
File: pgfcorescopes.code.tex 2020/01/08 v3.1.5b (3.1.5b)
\pgfpic=\box52
\pgf@hbox=\box53
\pgf@layerbox@main=\box54
\pgf@picture@serial@count=\count302
)
("C:\Program Files\MiKTeX\tex/generic/pgf/basiclayer\pgfcoregraphicstate.code.t
ex"
File: pgfcoregraphicstate.code.tex 2020/01/08 v3.1.5b (3.1.5b)
\pgflinewidth=\dimen269
)
("C:\Program Files\MiKTeX\tex/generic/pgf/basiclayer\pgfcoretransformations.cod
e.tex"
File: pgfcoretransformations.code.tex 2020/01/08 v3.1.5b (3.1.5b)
\pgf@pt@x=\dimen270
\pgf@pt@y=\dimen271
\pgf@pt@temp=\dimen272
)
("C:\Program Files\MiKTeX\tex/generic/pgf/basiclayer\pgfcorequick.code.tex"
File: pgfcorequick.code.tex 2020/01/08 v3.1.5b (3.1.5b)
)
("C:\Program Files\MiKTeX\tex/generic/pgf/basiclayer\pgfcoreobjects.code.tex"
File: pgfcoreobjects.code.tex 2020/01/08 v3.1.5b (3.1.5b)
)
("C:\Program Files\MiKTeX\tex/generic/pgf/basiclayer\pgfcorepathprocessing.code
.tex"
File: pgfcorepathprocessing.code.tex 2020/01/08 v3.1.5b (3.1.5b)
)
("C:\Program Files\MiKTeX\tex/generic/pgf/basiclayer\pgfcorearrows.code.tex"
File: pgfcorearrows.code.tex 2020/01/08 v3.1.5b (3.1.5b)
\pgfarrowsep=\dimen273
)
("C:\Program Files\MiKTeX\tex/generic/pgf/basiclayer\pgfcoreshade.code.tex"
File: pgfcoreshade.code.tex 2020/01/08 v3.1.5b (3.1.5b)
\pgf@max=\dimen274
\pgf@sys@shading@range@num=\count303
\pgf@shadingcount=\count304
)
("C:\Program Files\MiKTeX\tex/generic/pgf/basiclayer\pgfcoreimage.code.tex"
File: pgfcoreimage.code.tex 2020/01/08 v3.1.5b (3.1.5b)

("C:\Program Files\MiKTeX\tex/generic/pgf/basiclayer\pgfcoreexternal.code.tex"
File: pgfcoreexternal.code.tex 2020/01/08 v3.1.5b (3.1.5b)
\pgfexternal@startupbox=\box55
)) ("C:\Program Files\MiKTeX\tex/generic/pgf/basiclayer\pgfcorelayers.code.tex"
File: pgfcorelayers.code.tex 2020/01/08 v3.1.5b (3.1.5b)
)
("C:\Program Files\MiKTeX\tex/generic/pgf/basiclayer\pgfcoretransparency.code.t
ex"
File: pgfcoretransparency.code.tex 2020/01/08 v3.1.5b (3.1.5b)
)
("C:\Program Files\MiKTeX\tex/generic/pgf/basiclayer\pgfcorepatterns.code.tex"
File: pgfcorepatterns.code.tex 2020/01/08 v3.1.5b (3.1.5b)
) ("C:\Program Files\MiKTeX\tex/generic/pgf/basiclayer\pgfcorerdf.code.tex"
File: pgfcorerdf.code.tex 2020/01/08 v3.1.5b (3.1.5b)
)))
("C:\Program Files\MiKTeX\tex/generic/pgf/modules\pgfmoduleshapes.code.tex"
File: pgfmoduleshapes.code.tex 2020/01/08 v3.1.5b (3.1.5b)
\pgfnodeparttextbox=\box56
)
("C:\Program Files\MiKTeX\tex/generic/pgf/modules\pgfmoduleplot.code.tex"
File: pgfmoduleplot.code.tex 2020/01/08 v3.1.5b (3.1.5b)
)
("C:\Program Files\MiKTeX\tex/latex/pgf/compatibility\pgfcomp-version-0-65.sty"
Package: pgfcomp-version-0-65 2020/01/08 v3.1.5b (3.1.5b)
\pgf@nodesepstart=\dimen275
\pgf@nodesepend=\dimen276
) ("C:\Program Files\MiKTeX\tex/latex/pgf/compatibility\pgfcomp-version-1-18.st
y"
Package: pgfcomp-version-1-18 2020/01/08 v3.1.5b (3.1.5b)
)) ("C:\Program Files\MiKTeX\tex/latex/pgf/utilities\pgffor.sty"
("C:\Program Files\MiKTeX\tex/latex/pgf/utilities\pgfkeys.sty"
("C:\Program Files\MiKTeX\tex/generic/pgf/utilities\pgfkeys.code.tex"))
("C:\Program Files\MiKTeX\tex/latex/pgf/math\pgfmath.sty"
("C:\Program Files\MiKTeX\tex/generic/pgf/math\pgfmath.code.tex"))
("C:\Program Files\MiKTeX\tex/generic/pgf/utilities\pgffor.code.tex"
Package: pgffor 2020/01/08 v3.1.5b (3.1.5b)

("C:\Program Files\MiKTeX\tex/generic/pgf/math\pgfmath.code.tex")
\pgffor@iter=\dimen277
\pgffor@skip=\dimen278
\pgffor@stack=\toks35
\pgffor@toks=\toks36
))
("C:\Program Files\MiKTeX\tex/generic/pgf/frontendlayer/tikz\tikz.code.tex"
Package: tikz 2020/01/08 v3.1.5b (3.1.5b)

("C:\Program Files\MiKTeX\tex/generic/pgf/libraries\pgflibraryplothandlers.code
.tex"
File: pgflibraryplothandlers.code.tex 2020/01/08 v3.1.5b (3.1.5b)
\pgf@plot@mark@count=\count305
\pgfplotmarksize=\dimen279
)
\tikz@lastx=\dimen280
\tikz@lasty=\dimen281
\tikz@lastxsaved=\dimen282
\tikz@lastysaved=\dimen283
\tikz@lastmovetox=\dimen284
\tikz@lastmovetoy=\dimen285
\tikzleveldistance=\dimen286
\tikzsiblingdistance=\dimen287
\tikz@figbox=\box57
\tikz@figbox@bg=\box58
\tikz@tempbox=\box59
\tikz@tempbox@bg=\box60
\tikztreelevel=\count306
\tikznumberofchildren=\count307
\tikznumberofcurrentchild=\count308
\tikz@fig@count=\count309

("C:\Program Files\MiKTeX\tex/generic/pgf/modules\pgfmodulematrix.code.tex"
File: pgfmodulematrix.code.tex 2020/01/08 v3.1.5b (3.1.5b)
\pgfmatrixcurrentrow=\count310
\pgfmatrixcurrentcolumn=\count311
\pgf@matrix@numberofcolumns=\count312
)
\tikz@expandcount=\count313

("C:\Program Files\MiKTeX\tex/generic/pgf/frontendlayer/tikz/libraries\tikzlibr
arytopaths.code.tex"
File: tikzlibrarytopaths.code.tex 2020/01/08 v3.1.5b (3.1.5b)
)))
("C:\Program Files\MiKTeX\tex/generic/pgf/frontendlayer/tikz/libraries\tikzlibr
arycalc.code.tex"
File: tikzlibrarycalc.code.tex 2020/01/08 v3.1.5b (3.1.5b)
)
("C:\Program Files\MiKTeX\tex/generic/pgf/libraries\pgflibraryarrows.meta.code.
tex"
File: pgflibraryarrows.meta.code.tex 2020/01/08 v3.1.5b (3.1.5b)
\pgfarrowinset=\dimen288
\pgfarrowlength=\dimen289
\pgfarrowwidth=\dimen290
\pgfarrowlinewidth=\dimen291
)
("C:\Program Files\MiKTeX\tex/generic/pgf/frontendlayer/tikz/libraries\tikzlibr
arybending.code.tex"
File: tikzlibrarybending.code.tex 2020/01/08 v3.1.5b (3.1.5b)

("C:\Program Files\MiKTeX\tex/generic/pgf/modules\pgfmodulebending.code.tex"
File: pgfmodulebending.code.tex 2020/01/08 v3.1.5b (3.1.5b)

("C:\Program Files\MiKTeX\tex/generic/pgf/modules\pgfmodulenonlineartransformat
ions.code.tex"
File: pgfmodulenonlineartransformations.code.tex 2020/01/08 v3.1.5b (3.1.5b)
\pgftransformnonlinearflatness=\dimen292
)
("C:\Program Files\MiKTeX\tex/generic/pgf/libraries\pgflibrarycurvilinear.code.
tex"
File: pgflibrarycurvilinear.code.tex 2020/01/08 v3.1.5b (3.1.5b)
\pgf@curvilinear@time@a=\dimen293
\pgf@curvilinear@length@a=\dimen294
\pgf@curvilinear@length@b=\dimen295
\pgf@curvilinear@length@c=\dimen296
\pgf@curvilinear@length@d=\dimen297
)
\pgf@arrows@the@rigidity=\dimen298
))
("C:\Program Files\MiKTeX\tex/generic/pgf/frontendlayer/tikz/libraries\tikzlibr
aryfpu.code.tex"
("C:\Program Files\MiKTeX\tex/generic/pgf/libraries\pgflibraryfpu.code.tex"))
("C:\Program Files\MiKTeX\tex/generic/circuitikz\pgfcirc.defines.tex"
\pgf@circ@count@a=\count314
\pgf@circ@count@b=\count315
\pgf@circ@count@c=\count316
\pgf@circ@res@up=\dimen299
\pgf@circ@res@down=\dimen300
\pgf@circ@res@zero=\dimen301
\pgf@circ@res@left=\dimen302
\pgf@circ@res@right=\dimen303
\pgf@circ@res@other=\dimen304
\pgf@circ@res@step=\dimen305
\pgf@circ@res@temp=\dimen306
\pgf@circ@Rlen=\dimen307
\pgf@circ@scaled@Rlen=\dimen308
\pgfstartlinewidth=\dimen309
)
("C:\Program Files\MiKTeX\tex/generic/circuitikz\pgfcircutils.tex")
("C:\Program Files\MiKTeX\tex/generic/circuitikz\pgfcircshapes.tex")
("C:\Program Files\MiKTeX\tex/generic/circuitikz\pgfcircmonopoles.tex")
("C:\Program Files\MiKTeX\tex/generic/circuitikz\pgfcircbipoles.tex")
("C:\Program Files\MiKTeX\tex/generic/circuitikz\pgfcirctripoles.tex"
\pgf@circ@res@count=\count317
)
("C:\Program Files\MiKTeX\tex/generic/circuitikz\pgfcircquadpoles.tex")
("C:\Program Files\MiKTeX\tex/generic/circuitikz\pgfcircmultipoles.tex")
("C:\Program Files\MiKTeX\tex/generic/circuitikz\pgfcirclabel.tex")
("C:\Program Files\MiKTeX\tex/generic/circuitikz\pgfcircvoltage.tex"
\pgfcirc@labelshift=\dimen310
)
("C:\Program Files\MiKTeX\tex/generic/circuitikz\pgfcirccurrent.tex")
("C:\Program Files\MiKTeX\tex/generic/circuitikz\pgfcircflow.tex")
("C:\Program Files\MiKTeX\tex/generic/circuitikz\pgfcircpath.tex")

Package circuitikz Warning: You did not specify one of the voltage directions:
(circuitikz)                  oldvoltagedirection, nooldvoltagedirection, 
(circuitikz)                  RPvoltages or EFvoltages 
(circuitikz)                Default directions may have changed, 
(circuitikz)                please check the manual.

) ("C:\Program Files\MiKTeX\tex/latex/l3packages/xparse\xparse.sty"
("C:\Program Files\MiKTeX\tex/latex/l3kernel\expl3.sty"
Package: expl3 2020-08-07 L3 programming layer (loader) 

("C:\Program Files\MiKTeX\tex/latex/l3backend\l3backend-pdfmode.def"
File: l3backend-pdfmode.def 2020-08-07 L3 backend support: PDF mode
\l__kernel_color_stack_int=\count318
\l__pdf_internal_box=\box61
))
Package: xparse 2020-05-15 L3 Experimental document command parser

("C:\Program Files\MiKTeX\tex/latex/l3packages/xparse\xparse-generic.tex"
\l__xparse_current_arg_int=\count319
\g__xparse_grabber_int=\count320
\l__xparse_m_args_int=\count321
\l__xparse_v_nesting_int=\count322
))
("C:\Program Files\MiKTeX\tex/latex/filecontents\filecontents.sty"
Package: filecontents 2019/09/20 v1.5 Create an external file from within a LaT
eX document


Package filecontents Warning: This package is obsolete. Disabling it and
(filecontents)                passing control to the filecontents environment
(filecontents)                defined by the LaTeX kernel.

) ("C:\Program Files\MiKTeX\tex/latex/tools\longtable.sty"
Package: longtable 2020/01/07 v4.13 Multi-page Table package (DPC)
\LTleft=\skip192
\LTright=\skip193
\LTpre=\skip194
\LTpost=\skip195
\LTchunksize=\count323
\LTcapwidth=\dimen311
\LT@head=\box62
\LT@firsthead=\box63
\LT@foot=\box64
\LT@lastfoot=\box65
\LT@cols=\count324
\LT@rows=\count325
\c@LT@tables=\count326
\c@LT@chunks=\count327
\LT@p@ftn=\toks37
)
("C:\Program Files\MiKTeX\tex/latex/amsmath\amsmath.sty"
Package: amsmath 2020/01/20 v2.17e AMS math features
\@mathmargin=\skip196

For additional information on amsmath, use the `?' option.
("C:\Program Files\MiKTeX\tex/latex/amsmath\amstext.sty"
Package: amstext 2000/06/29 v2.01 AMS text

("C:\Program Files\MiKTeX\tex/latex/amsmath\amsgen.sty"
File: amsgen.sty 1999/11/30 v2.0 generic functions
\@emptytoks=\toks38
\ex@=\dimen312
))
("C:\Program Files\MiKTeX\tex/latex/amsmath\amsbsy.sty"
Package: amsbsy 1999/11/29 v1.2d Bold Symbols
\pmbraise@=\dimen313
)
("C:\Program Files\MiKTeX\tex/latex/amsmath\amsopn.sty"
Package: amsopn 2016/03/08 v2.02 operator names
)
\inf@bad=\count328
LaTeX Info: Redefining \frac on input line 227.
\uproot@=\count329
\leftroot@=\count330
LaTeX Info: Redefining \overline on input line 389.
\classnum@=\count331
\DOTSCASE@=\count332
LaTeX Info: Redefining \ldots on input line 486.
LaTeX Info: Redefining \dots on input line 489.
LaTeX Info: Redefining \cdots on input line 610.
\Mathstrutbox@=\box66
\strutbox@=\box67
\big@size=\dimen314
LaTeX Font Info:    Redeclaring font encoding OML on input line 733.
LaTeX Font Info:    Redeclaring font encoding OMS on input line 734.
\macc@depth=\count333
\c@MaxMatrixCols=\count334
\dotsspace@=\muskip16
\c@parentequation=\count335
\dspbrk@lvl=\count336
\tag@help=\toks39
\row@=\count337
\column@=\count338
\maxfields@=\count339
\andhelp@=\toks40
\eqnshift@=\dimen315
\alignsep@=\dimen316
\tagshift@=\dimen317
\tagwidth@=\dimen318
\totwidth@=\dimen319
\lineht@=\dimen320
\@envbody=\toks41
\multlinegap=\skip197
\multlinetaggap=\skip198
\mathdisplay@stack=\toks42
LaTeX Info: Redefining \[ on input line 2859.
LaTeX Info: Redefining \] on input line 2860.
)
("C:\Program Files\MiKTeX\tex/latex/pgfplots\pgfplots.sty"
("C:\Program Files\MiKTeX\tex/generic/pgfplots\pgfplots.revision.tex")
Package: pgfplots 2020/02/29 v1.17 Data Visualization (1.17)

("C:\Program Files\MiKTeX\tex/generic/pgfplots\pgfplots.code.tex"
("C:\Program Files\MiKTeX\tex/generic/pgfplots\pgfplotscore.code.tex"
\t@pgfplots@toka=\toks43
\t@pgfplots@tokb=\toks44
\t@pgfplots@tokc=\toks45
\pgfplots@tmpa=\dimen321
\c@pgfplots@coordindex=\count340
\c@pgfplots@scanlineindex=\count341

("C:\Program Files\MiKTeX\tex/generic/pgfplots/sys\pgfplotssysgeneric.code.tex"
)) ("C:\Program Files\MiKTeX\tex/generic/pgfplots/libs\pgfplotslibrary.code.tex
")
("C:\Program Files\MiKTeX\tex/generic/pgfplots/oldpgfcompatib\pgfplotsoldpgfsup
p_loader.code.tex")
("C:\Program Files\MiKTeX\tex/generic/pgfplots/util\pgfplotsutil.code.tex"
("C:\Program Files\MiKTeX\tex/generic/pgfplots/liststructure\pgfplotsliststruct
ure.code.tex")
("C:\Program Files\MiKTeX\tex/generic/pgfplots/liststructure\pgfplotsliststruct
ureext.code.tex")
("C:\Program Files\MiKTeX\tex/generic/pgfplots/liststructure\pgfplotsarray.code
.tex"
\c@pgfplotsarray@tmp=\count342
)
("C:\Program Files\MiKTeX\tex/generic/pgfplots/liststructure\pgfplotsmatrix.cod
e.tex")
("C:\Program Files\MiKTeX\tex/generic/pgfplots/numtable\pgfplotstableshared.cod
e.tex"
\c@pgfplotstable@counta=\count343
\t@pgfplotstable@a=\toks46
)
("C:\Program Files\MiKTeX\tex/generic/pgfplots/liststructure\pgfplotsdeque.code
.tex")
("C:\Program Files\MiKTeX\tex/generic/pgfplots/util\pgfplotsbinary.code.tex"
("C:\Program Files\MiKTeX\tex/generic/pgfplots/util\pgfplotsbinary.data.code.te
x"))
("C:\Program Files\MiKTeX\tex/generic/pgfplots/util\pgfplotsutil.verb.code.tex"
)
("C:\Program Files\MiKTeX\tex/generic/pgfplots/libs\pgflibrarypgfplots.surfshad
ing.code.tex"
\c@pgfplotslibrarysurf@no=\count344

("C:\Program Files\MiKTeX\tex/generic/pgfplots/sys\pgflibrarypgfplots.surfshadi
ng.pgfsys-pdftex.def")))
("C:\Program Files\MiKTeX\tex/generic/pgfplots/util\pgfplotscolormap.code.tex"
("C:\Program Files\MiKTeX\tex/generic/pgfplots/util\pgfplotscolor.code.tex"))
("C:\Program Files\MiKTeX\tex/generic/pgfplots\pgfplotsstackedplots.code.tex")
("C:\Program Files\MiKTeX\tex/generic/pgfplots\pgfplotsplothandlers.code.tex"
("C:\Program Files\MiKTeX\tex/generic/pgfplots\pgfplotsmeshplothandler.code.tex
" ("C:\Program Files\MiKTeX\tex/generic/pgfplots\pgfplotsmeshplotimage.code.tex
"))) ("C:\Program Files\MiKTeX\tex/generic/pgfplots\pgfplots.scaling.code.tex")
("C:\Program Files\MiKTeX\tex/generic/pgfplots\pgfplotscoordprocessing.code.tex
") ("C:\Program Files\MiKTeX\tex/generic/pgfplots\pgfplots.errorbars.code.tex")
("C:\Program Files\MiKTeX\tex/generic/pgfplots\pgfplots.markers.code.tex")
("C:\Program Files\MiKTeX\tex/generic/pgfplots\pgfplotsticks.code.tex")
("C:\Program Files\MiKTeX\tex/generic/pgfplots\pgfplots.paths.code.tex")
("C:\Program Files\MiKTeX\tex/generic/pgf/frontendlayer/tikz/libraries\tikzlibr
arydecorations.code.tex"
("C:\Program Files\MiKTeX\tex/generic/pgf/modules\pgfmoduledecorations.code.tex
"
\pgfdecoratedcompleteddistance=\dimen322
\pgfdecoratedremainingdistance=\dimen323
\pgfdecoratedinputsegmentcompleteddistance=\dimen324
\pgfdecoratedinputsegmentremainingdistance=\dimen325
\pgf@decorate@distancetomove=\dimen326
\pgf@decorate@repeatstate=\count345
\pgfdecorationsegmentamplitude=\dimen327
\pgfdecorationsegmentlength=\dimen328
)
\tikz@lib@dec@box=\box68
)
("C:\Program Files\MiKTeX\tex/generic/pgf/frontendlayer/tikz/libraries\tikzlibr
arydecorations.pathmorphing.code.tex"
("C:\Program Files\MiKTeX\tex/generic/pgf/libraries/decorations\pgflibrarydecor
ations.pathmorphing.code.tex"))
("C:\Program Files\MiKTeX\tex/generic/pgf/frontendlayer/tikz/libraries\tikzlibr
arydecorations.pathreplacing.code.tex"
("C:\Program Files\MiKTeX\tex/generic/pgf/libraries/decorations\pgflibrarydecor
ations.pathreplacing.code.tex"))
\pgfplots@numplots=\count346
\pgfplots@xmin@reg=\dimen329
\pgfplots@xmax@reg=\dimen330
\pgfplots@ymin@reg=\dimen331
\pgfplots@ymax@reg=\dimen332
\pgfplots@zmin@reg=\dimen333
\pgfplots@zmax@reg=\dimen334
)
("C:\Program Files\MiKTeX\tex/generic/pgf/frontendlayer/tikz/libraries\tikzlibr
aryplotmarks.code.tex"
File: tikzlibraryplotmarks.code.tex 2020/01/08 v3.1.5b (3.1.5b)

("C:\Program Files\MiKTeX\tex/generic/pgf/libraries\pgflibraryplotmarks.code.te
x"
File: pgflibraryplotmarks.code.tex 2020/01/08 v3.1.5b (3.1.5b)
)))
("C:\Program Files\MiKTeX\tex/generic/pgfplots/libs\tikzlibrarypgfplots.statist
ics.code.tex") ("C:\Program Files\MiKTeX\tex/latex/enumitem\enumitem.sty"
Package: enumitem 2019/06/20 v3.9 Customized lists
\labelindent=\skip199
\enit@outerparindent=\dimen335
\enit@toks=\toks47
\enit@inbox=\box69
\enit@count@id=\count347
\enitdp@description=\count348
)
("C:\Program Files\MiKTeX\tex/latex/tkz-berge\tkz-berge.sty"
Package: tkz-berge 2011/06/01 1.00 c tkz-berge for named graphs

("C:\Program Files\MiKTeX\tex/latex/tkz-graph\tkz-graph.sty"
Package: tkz-graph 2018/09/19 ctan v 1.00 d base for graphs

("C:\Program Files\MiKTeX\tex/latex/base\ifthen.sty"
Package: ifthen 2014/09/29 v1.1c Standard LaTeX ifthen package (DPC)
)
("C:\Program Files\MiKTeX\tex/latex/xkeyval\xkeyval.sty"
Package: xkeyval 2014/12/03 v2.7a package option processing (HA)

("C:\Program Files\MiKTeX\tex/generic/xkeyval\xkeyval.tex"
("C:\Program Files\MiKTeX\tex/generic/xkeyval\xkvutils.tex"
\XKV@toks=\toks48
\XKV@tempa@toks=\toks49
)
\XKV@depth=\count349
File: xkeyval.tex 2014/12/03 v2.7a key=value parser (HA)
))
("C:\Program Files\MiKTeX\tex/generic/pgf/frontendlayer/tikz/libraries\tikzlibr
aryarrows.code.tex"
File: tikzlibraryarrows.code.tex 2020/01/08 v3.1.5b (3.1.5b)

("C:\Program Files\MiKTeX\tex/generic/pgf/libraries\pgflibraryarrows.code.tex"
File: pgflibraryarrows.code.tex 2020/01/08 v3.1.5b (3.1.5b)
\arrowsize=\dimen336
))
\c@tkz@gr@a=\count350
\c@tkz@gr@b=\count351
\c@tkz@gr@c=\count352
\c@tkz@gr@e=\count353
\c@tkz@gr@d=\count354
\c@tkz@gr@p=\count355
\c@tkz@gr@i=\count356
\c@tkz@gr@n=\count357
\c@tkz@gr@ta=\count358
\c@tkz@gr@tb=\count359
) ("C:\Program Files\MiKTeX\tex/latex/tkz-berge\tkz-arith.sty"
Package: tkz-arith 2011/02/28 v 1.00 c integers numbers

("C:\Program Files\MiKTeX\tex/latex/tkz-base\tkz-tools-arith.tex"
2020/03/18 3.06c tkz-tools-arith.tex
File: tkz-tool-arith.tex tkz-tool-arith 3.02 c
))
\c@tkz@bg@cnt=\count360
\c@tkza@tmp=\count361
)
("C:\Program Files\MiKTeX\tex/generic/pgf/frontendlayer/tikz/libraries\tikzlibr
arydecorations.fractals.code.tex"
("C:\Program Files\MiKTeX\tex/generic/pgf/libraries/decorations\pgflibrarydecor
ations.fractals.code.tex"))
("C:\Program Files\MiKTeX\tex/generic/pgf/frontendlayer/tikz/libraries\tikzlibr
arydecorations.markings.code.tex"
("C:\Program Files\MiKTeX\tex/generic/pgf/libraries/decorations\pgflibrarydecor
ations.markings.code.tex"))
("C:\Program Files\MiKTeX\tex/generic/pgf/frontendlayer/tikz/libraries\tikzlibr
arypositioning.code.tex"
File: tikzlibrarypositioning.code.tex 2020/01/08 v3.1.5b (3.1.5b)
)
("C:\Program Files\MiKTeX\tex/latex/amsfonts\amssymb.sty"
Package: amssymb 2013/01/14 v3.01 AMS font symbols

("C:\Program Files\MiKTeX\tex/latex/amsfonts\amsfonts.sty"
Package: amsfonts 2013/01/14 v3.01 Basic AMSFonts support
\symAMSa=\mathgroup4
\symAMSb=\mathgroup5
LaTeX Font Info:    Redeclaring math symbol \hbar on input line 98.
LaTeX Font Info:    Overwriting math alphabet `\mathfrak' in version `bold'
(Font)                  U/euf/m/n --> U/euf/b/n on input line 106.
))
("C:\Program Files\MiKTeX\tex/latex/etoolbox\etoolbox.sty"
Package: etoolbox 2020/07/15 v2.5i e-TeX tools for LaTeX (JAW)
\etb@tempcnta=\count362
)
("C:\Program Files\MiKTeX\tex/latex/cancel\cancel.sty"
Package: cancel 2013/04/12 v2.2 Cancel math terms
)
("C:\Program Files\MiKTeX\tex/latex/framed\framed.sty"
Package: framed 2011/10/22 v 0.96: framed or shaded text with page breaks
\OuterFrameSep=\skip256
\fb@frw=\dimen337
\fb@frh=\dimen338
)
("C:\Program Files\MiKTeX\tex/latex/tcolorbox\tcolorbox.sty"
Package: tcolorbox 2020/07/31 version 4.31 text color boxes

("C:\Program Files\MiKTeX\tex/latex/environ\environ.sty"
Package: environ 2014/05/04 v0.3 A new way to define environments

("C:\Program Files\MiKTeX\tex/latex/trimspaces\trimspaces.sty"
Package: trimspaces 2009/09/17 v1.1 Trim spaces around a token list
))
\tcb@titlebox=\box70
\tcb@upperbox=\box71
\tcb@lowerbox=\box72
\tcb@phantombox=\box73
\c@tcbbreakpart=\count363
\c@tcblayer=\count364
\c@tcolorbox@number=\count365
\tcb@temp=\box74
\tcb@temp=\box75
\tcb@temp=\box76
\tcb@temp=\box77
\tcb@out=\write5
\tcb@record@out=\write6
)
("C:\Program Files\MiKTeX\tex/latex/tcolorbox\tcbbreakable.code.tex"
Library (tcolorbox): 'tcbbreakable.code.tex' version '4.31'
\tcb@testbox=\box78
\tcb@totalupperbox=\box79
\tcb@totallowerbox=\box80
) ("C:\Program Files\MiKTeX\tex/latex/tcolorbox\tcbskins.code.tex"
Library (tcolorbox): 'tcbskins.code.tex' version '4.31'
\tcb@waterbox=\box81
("C:\Program Files\MiKTeX\tex/latex/tcolorbox\tcbskinsjigsaw.code.tex"
Library (tcolorbox): 'tcbskinsjigsaw.code.tex' version '4.31'
)) ("C:\Program Files\MiKTeX\tex/latex/tcolorbox\tcbxparse.code.tex"
Library (tcolorbox): 'tcbxparse.code.tex' version '4.31'
) ("C:\Program Files\MiKTeX\tex/latex/marginnote\marginnote.sty"
Package: marginnote 2018/08/09 v1.4b non floating margin notes for LaTeX
\c@mn@abspage=\count366
)
("C:\Program Files\MiKTeX\tex/latex/mdframed\mdframed.sty"
Package: mdframed 2013/07/01 1.9b: mdframed

("C:\Program Files\MiKTeX\tex/latex/kvoptions\kvoptions.sty"
Package: kvoptions 2019/11/29 v3.13 Key value format for package options (HO)

("C:\Program Files\MiKTeX\tex/generic/ltxcmds\ltxcmds.sty"
Package: ltxcmds 2019/12/15 v1.24 LaTeX kernel commands for general use (HO)
)
("C:\Program Files\MiKTeX\tex/generic/kvsetkeys\kvsetkeys.sty"
Package: kvsetkeys 2019/12/15 v1.18 Key value parser (HO)
))
("C:\Program Files\MiKTeX\tex/latex/zref\zref-abspage.sty"
Package: zref-abspage 2020-05-28 v2.31 Module abspage for zref (HO)

("C:\Program Files\MiKTeX\tex/latex/zref\zref-base.sty"
Package: zref-base 2020-05-28 v2.31 Module base for zref (HO)

("C:\Program Files\MiKTeX\tex/generic/infwarerr\infwarerr.sty"
Package: infwarerr 2019/12/03 v1.5 Providing info/warning/error messages (HO)
)
("C:\Program Files\MiKTeX\tex/generic/kvdefinekeys\kvdefinekeys.sty"
Package: kvdefinekeys 2019-12-19 v1.6 Define keys (HO)
)
("C:\Program Files\MiKTeX\tex/generic/pdftexcmds\pdftexcmds.sty"
Package: pdftexcmds 2020-06-27 v0.33 Utility functions of pdfTeX for LuaTeX (HO
)
Package pdftexcmds Info: \pdf@primitive is available.
Package pdftexcmds Info: \pdf@ifprimitive is available.
Package pdftexcmds Info: \pdfdraftmode found.
)
("C:\Program Files\MiKTeX\tex/generic/etexcmds\etexcmds.sty"
Package: etexcmds 2019/12/15 v1.7 Avoid name clashes with e-TeX commands (HO)
)
("C:\Program Files\MiKTeX\tex/latex/auxhook\auxhook.sty"
Package: auxhook 2019-12-17 v1.6 Hooks for auxiliary files (HO)
)
Package zref Info: New property list: main on input line 763.
Package zref Info: New property: default on input line 764.
Package zref Info: New property: page on input line 765.
)
("C:\Program Files\MiKTeX\tex/generic/atbegshi\atbegshi.sty"
Package: atbegshi 2019/12/05 v1.19 At begin shipout hook (HO)
)
\c@abspage=\count367
Package zref Info: New property: abspage on input line 66.
)
\mdf@templength=\skip257
\c@mdf@globalstyle@cnt=\count368
\mdf@skipabove@length=\skip258
\mdf@skipbelow@length=\skip259
\mdf@leftmargin@length=\skip260
\mdf@rightmargin@length=\skip261
\mdf@innerleftmargin@length=\skip262
\mdf@innerrightmargin@length=\skip263
\mdf@innertopmargin@length=\skip264
\mdf@innerbottommargin@length=\skip265
\mdf@splittopskip@length=\skip266
\mdf@splitbottomskip@length=\skip267
\mdf@outermargin@length=\skip268
\mdf@innermargin@length=\skip269
\mdf@linewidth@length=\skip270
\mdf@innerlinewidth@length=\skip271
\mdf@middlelinewidth@length=\skip272
\mdf@outerlinewidth@length=\skip273
\mdf@roundcorner@length=\skip274
\mdf@footenotedistance@length=\skip275
\mdf@userdefinedwidth@length=\skip276
\mdf@needspace@length=\skip277
\mdf@frametitleaboveskip@length=\skip278
\mdf@frametitlebelowskip@length=\skip279
\mdf@frametitlerulewidth@length=\skip280
\mdf@frametitleleftmargin@length=\skip281
\mdf@frametitlerightmargin@length=\skip282
\mdf@shadowsize@length=\skip283
\mdf@extratopheight@length=\skip284
\mdf@subtitleabovelinewidth@length=\skip285
\mdf@subtitlebelowlinewidth@length=\skip286
\mdf@subtitleaboveskip@length=\skip287
\mdf@subtitlebelowskip@length=\skip288
\mdf@subtitleinneraboveskip@length=\skip289
\mdf@subtitleinnerbelowskip@length=\skip290
\mdf@subsubtitleabovelinewidth@length=\skip291
\mdf@subsubtitlebelowlinewidth@length=\skip292
\mdf@subsubtitleaboveskip@length=\skip293
\mdf@subsubtitlebelowskip@length=\skip294
\mdf@subsubtitleinneraboveskip@length=\skip295
\mdf@subsubtitleinnerbelowskip@length=\skip296


Package mdframed Warning: package option style is depreciated
 at this point and will be ignored
 use framemethod instead
(mdframed)                 on input line 382.

("C:\Program Files\MiKTeX\tex/latex/mdframed\md-frame-0.mdf"
File: md-frame-0.mdf 2013/07/01\ 1.9b: md-frame-0
)
\mdf@frametitlebox=\box82
\mdf@footnotebox=\box83
\mdf@splitbox@one=\box84
\mdf@splitbox@two=\box85
\mdf@splitbox@save=\box86
\mdfsplitboxwidth=\skip297
\mdfsplitboxtotalwidth=\skip298
\mdfsplitboxheight=\skip299
\mdfsplitboxdepth=\skip300
\mdfsplitboxtotalheight=\skip301
\mdfframetitleboxwidth=\skip302
\mdfframetitleboxtotalwidth=\skip303
\mdfframetitleboxheight=\skip304
\mdfframetitleboxdepth=\skip305
\mdfframetitleboxtotalheight=\skip306
\mdffootnoteboxwidth=\skip307
\mdffootnoteboxtotalwidth=\skip308
\mdffootnoteboxheight=\skip309
\mdffootnoteboxdepth=\skip310
\mdffootnoteboxtotalheight=\skip311
\mdftotallinewidth=\skip312
\mdfboundingboxwidth=\skip313
\mdfboundingboxtotalwidth=\skip314
\mdfboundingboxheight=\skip315
\mdfboundingboxdepth=\skip316
\mdfboundingboxtotalheight=\skip317
\mdf@freevspace@length=\skip318
\mdf@horizontalwidthofbox@length=\skip319
\mdf@verticalmarginwhole@length=\skip320
\mdf@horizontalspaceofbox=\skip321
\mdfsubtitleheight=\skip322
\mdfsubsubtitleheight=\skip323
\c@mdfcountframes=\count369

****** mdframed patching \endmdf@trivlist

****** -- success******

\mdf@envdepth=\count370
\c@mdf@env@i=\count371
\c@mdf@env@ii=\count372
\c@mdf@zref@counter=\count373
Package zref Info: New property: mdf@pagevalue on input line 895.
)
("C:\Program Files\MiKTeX\tex/latex/geometry\geometry.sty"
Package: geometry 2020/01/02 v5.9 Page Geometry

("C:\Program Files\MiKTeX\tex/latex/iftex\ifvtex.sty"
Package: ifvtex 2019/10/25 v1.7 ifvtex legacy package. Use iftex instead.
)
\Gm@cnth=\count374
\Gm@cntv=\count375
\c@Gm@tempcnt=\count376
\Gm@bindingoffset=\dimen339
\Gm@wd@mp=\dimen340
\Gm@odd@mp=\dimen341
\Gm@even@mp=\dimen342
\Gm@layoutwidth=\dimen343
\Gm@layoutheight=\dimen344
\Gm@layouthoffset=\dimen345
\Gm@layoutvoffset=\dimen346
\Gm@dimlist=\toks50

("C:\Program Files\MiKTeX\tex/latex/geometry\geometry.cfg"))
("C:\Program Files\MiKTeX\tex/latex/titlesec\titlesec.sty"
Package: titlesec 2019/10/16 v2.13 Sectioning titles
\ttl@box=\box87
\beforetitleunit=\skip324
\aftertitleunit=\skip325
\ttl@plus=\dimen347
\ttl@minus=\dimen348
\ttl@toksa=\toks51
\titlewidth=\dimen349
\titlewidthlast=\dimen350
\titlewidthfirst=\dimen351
)
("C:\Program Files\MiKTeX\tex/latex/eurosym\eurosym.sty"
Package: eurosym 1998/08/06 v1.1 European currency symbol ``Euro''
\@eurobox=\box88
)
("C:\Program Files\MiKTeX\tex/latex/base\fontenc.sty"
Package: fontenc 2020/02/11 v2.0o Standard LaTeX package
)
("C:\Program Files\MiKTeX\tex/latex/lm\lmodern.sty"
Package: lmodern 2009/10/30 v1.6 Latin Modern Fonts
LaTeX Font Info:    Overwriting symbol font `operators' in version `normal'
(Font)                  OT1/cmr/m/n --> OT1/lmr/m/n on input line 22.
LaTeX Font Info:    Overwriting symbol font `letters' in version `normal'
(Font)                  OML/cmm/m/it --> OML/lmm/m/it on input line 23.
LaTeX Font Info:    Overwriting symbol font `symbols' in version `normal'
(Font)                  OMS/cmsy/m/n --> OMS/lmsy/m/n on input line 24.
LaTeX Font Info:    Overwriting symbol font `largesymbols' in version `normal'
(Font)                  OMX/cmex/m/n --> OMX/lmex/m/n on input line 25.
LaTeX Font Info:    Overwriting symbol font `operators' in version `bold'
(Font)                  OT1/cmr/bx/n --> OT1/lmr/bx/n on input line 26.
LaTeX Font Info:    Overwriting symbol font `letters' in version `bold'
(Font)                  OML/cmm/b/it --> OML/lmm/b/it on input line 27.
LaTeX Font Info:    Overwriting symbol font `symbols' in version `bold'
(Font)                  OMS/cmsy/b/n --> OMS/lmsy/b/n on input line 28.
LaTeX Font Info:    Overwriting symbol font `largesymbols' in version `bold'
(Font)                  OMX/cmex/m/n --> OMX/lmex/m/n on input line 29.
LaTeX Font Info:    Overwriting math alphabet `\mathbf' in version `normal'
(Font)                  OT1/cmr/bx/n --> OT1/lmr/bx/n on input line 31.
LaTeX Font Info:    Overwriting math alphabet `\mathsf' in version `normal'
(Font)                  OT1/cmss/m/n --> OT1/lmss/m/n on input line 32.
LaTeX Font Info:    Overwriting math alphabet `\mathit' in version `normal'
(Font)                  OT1/cmr/m/it --> OT1/lmr/m/it on input line 33.
LaTeX Font Info:    Overwriting math alphabet `\mathtt' in version `normal'
(Font)                  OT1/cmtt/m/n --> OT1/lmtt/m/n on input line 34.
LaTeX Font Info:    Overwriting math alphabet `\mathbf' in version `bold'
(Font)                  OT1/cmr/bx/n --> OT1/lmr/bx/n on input line 35.
LaTeX Font Info:    Overwriting math alphabet `\mathsf' in version `bold'
(Font)                  OT1/cmss/bx/n --> OT1/lmss/bx/n on input line 36.
LaTeX Font Info:    Overwriting math alphabet `\mathit' in version `bold'
(Font)                  OT1/cmr/bx/it --> OT1/lmr/bx/it on input line 37.
LaTeX Font Info:    Overwriting math alphabet `\mathtt' in version `bold'
(Font)                  OT1/cmtt/m/n --> OT1/lmtt/m/n on input line 38.
)
("C:\Program Files\MiKTeX\tex/latex/comment\comment.sty"
\CommentStream=\write7

Excluding comment 'comment')
("C:\Program Files\MiKTeX\tex/latex/pdfcolmk\pdfcolmk.sty"
Package: pdfcolmk 2019/11/24 v2.0 Color support for pdfTeX via marks
)
("C:\Program Files\MiKTeX\tex/latex/hyperref\hyperref.sty"
Package: hyperref 2020-05-15 v7.00e Hypertext links for LaTeX

("C:\Program Files\MiKTeX\tex/generic/pdfescape\pdfescape.sty"
Package: pdfescape 2019/12/09 v1.15 Implements pdfTeX's escape features (HO)
)
("C:\Program Files\MiKTeX\tex/latex/hycolor\hycolor.sty"
Package: hycolor 2020-01-27 v1.10 Color options for hyperref/bookmark (HO)
)
("C:\Program Files\MiKTeX\tex/latex/letltxmacro\letltxmacro.sty"
Package: letltxmacro 2019/12/03 v1.6 Let assignment for LaTeX macros (HO)
)
\@linkdim=\dimen352
\Hy@linkcounter=\count377
\Hy@pagecounter=\count378

("C:\Program Files\MiKTeX\tex/latex/hyperref\pd1enc.def"
File: pd1enc.def 2020-05-15 v7.00e Hyperref: PDFDocEncoding definition (HO)
Now handling font encoding PD1 ...
... no UTF-8 mapping file for font encoding PD1
)
("C:\Program Files\MiKTeX\tex/generic/intcalc\intcalc.sty"
Package: intcalc 2019/12/15 v1.3 Expandable calculations with integers (HO)
)
\Hy@SavedSpaceFactor=\count379
Package hyperref Info: Hyper figures OFF on input line 4464.
Package hyperref Info: Link nesting OFF on input line 4469.
Package hyperref Info: Hyper index ON on input line 4472.
Package hyperref Info: Plain pages OFF on input line 4479.
Package hyperref Info: Backreferencing OFF on input line 4484.
Package hyperref Info: Implicit mode ON; LaTeX internals redefined.
Package hyperref Info: Bookmarks ON on input line 4717.
\c@Hy@tempcnt=\count380

("C:\Program Files\MiKTeX\tex/latex/url\url.sty"
\Urlmuskip=\muskip17
Package: url 2013/09/16  ver 3.4  Verb mode for urls, etc.
)
LaTeX Info: Redefining \url on input line 5076.
\XeTeXLinkMargin=\dimen353

("C:\Program Files\MiKTeX\tex/generic/bitset\bitset.sty"
Package: bitset 2019/12/09 v1.3 Handle bit-vector datatype (HO)

("C:\Program Files\MiKTeX\tex/generic/bigintcalc\bigintcalc.sty"
Package: bigintcalc 2019/12/15 v1.5 Expandable calculations on big integers (HO
)
))
\Fld@menulength=\count381
\Field@Width=\dimen354
\Fld@charsize=\dimen355
Package hyperref Info: Hyper figures OFF on input line 6347.
Package hyperref Info: Link nesting OFF on input line 6352.
Package hyperref Info: Hyper index ON on input line 6355.
Package hyperref Info: backreferencing OFF on input line 6362.
Package hyperref Info: Link coloring OFF on input line 6367.
Package hyperref Info: Link coloring with OCG OFF on input line 6372.
Package hyperref Info: PDF/A mode OFF on input line 6377.
LaTeX Info: Redefining \ref on input line 6417.
LaTeX Info: Redefining \pageref on input line 6421.
\Hy@abspage=\count382
\c@Item=\count383
\c@Hfootnote=\count384
)
("C:\Program Files\MiKTeX\tex/latex/memoir\memhfixc.sty"
Package: memhfixc 2019/10/24 v1.18 nameref/hyperref package fixes for memoir cl
ass
\c@memhycontfloat=\count385
\c@Hpagenote=\count386
)
Package hyperref Info: Driver (autodetected): hpdftex.

("C:\Program Files\MiKTeX\tex/latex/hyperref\hpdftex.def"
File: hpdftex.def 2020-05-15 v7.00e Hyperref driver for pdfTeX

("C:\Program Files\MiKTeX\tex/latex/atveryend\atveryend.sty"
Package: atveryend 2019-12-11 v1.11 Hooks at the very end of document (HO)
)
\HyAnn@Count=\count387
\Fld@listcount=\count388
\c@bookmark@seq@number=\count389

("C:\Program Files\MiKTeX\tex/latex/rerunfilecheck\rerunfilecheck.sty"
Package: rerunfilecheck 2019/12/05 v1.9 Rerun checks for auxiliary files (HO)

("C:\Program Files\MiKTeX\tex/generic/uniquecounter\uniquecounter.sty"
Package: uniquecounter 2019/12/15 v1.4 Provide unlimited unique counter (HO)
)
Package uniquecounter Info: New unique counter `rerunfilecheck' on input line 2
86.
)
\Hy@SectionHShift=\skip326
)
("C:\Program Files\MiKTeX\tex/latex/psnfss\pifont.sty"
Package: pifont 2020/03/25 PSNFSS-v9.3 Pi font support (SPQR) 
LaTeX Font Info:    Trying to load font information for U+pzd on input line 63.


("C:\Program Files\MiKTeX\tex/latex/psnfss\upzd.fd"
File: upzd.fd 2001/06/04 font definitions for U/pzd.
)
LaTeX Font Info:    Trying to load font information for U+psy on input line 64.


("C:\Program Files\MiKTeX\tex/latex/psnfss\upsy.fd"
File: upsy.fd 2001/06/04 font definitions for U/psy.
))
("C:\Program Files\MiKTeX\tex/latex/tools\calc.sty"
Package: calc 2017/05/25 v4.3 Infix arithmetic (KKT,FJ)
\calc@Acount=\count390
\calc@Bcount=\count391
\calc@Adimen=\dimen356
\calc@Bdimen=\dimen357
\calc@Askip=\skip327
\calc@Bskip=\skip328
LaTeX Info: Redefining \setlength on input line 80.
LaTeX Info: Redefining \addtolength on input line 81.
\calc@Ccount=\count392
\calc@Cskip=\skip329
)
\ChpNumBox=\box89
\drop=\skip330
\c@ExampleCounter=\count393

Excluding 'comment' comment.
\c@SectionNo=\count394
\c@example=\count395
 Excluding 'comment' comment.
\c@ProblemNumber=\count396
)

LaTeX Warning: Unused global option(s):
    [letter].

("Solution Manual for Versatile Math 2nd Edition.aux")
\openout1 = `"Solution Manual for Versatile Math 2nd Edition.aux"'.

LaTeX Font Info:    Checking defaults for OML/cmm/m/it on input line 5.
LaTeX Font Info:    ... okay on input line 5.
LaTeX Font Info:    Checking defaults for OMS/cmsy/m/n on input line 5.
LaTeX Font Info:    ... okay on input line 5.
LaTeX Font Info:    Checking defaults for OT1/cmr/m/n on input line 5.
LaTeX Font Info:    ... okay on input line 5.
LaTeX Font Info:    Checking defaults for T1/cmr/m/n on input line 5.
LaTeX Font Info:    ... okay on input line 5.
LaTeX Font Info:    Checking defaults for TS1/cmr/m/n on input line 5.
LaTeX Font Info:    ... okay on input line 5.
LaTeX Font Info:    Checking defaults for OMX/cmex/m/n on input line 5.
LaTeX Font Info:    ... okay on input line 5.
LaTeX Font Info:    Checking defaults for U/cmr/m/n on input line 5.
LaTeX Font Info:    ... okay on input line 5.
LaTeX Font Info:    Checking defaults for PD1/pdf/m/n on input line 5.
LaTeX Font Info:    ... okay on input line 5.
LaTeX Font Info:    Trying to load font information for T1+lmr on input line 5.


("C:\Program Files\MiKTeX\tex/latex/lm\t1lmr.fd"
File: t1lmr.fd 2009/10/30 v1.6 Font defs for Latin Modern
)
("C:\Program Files\MiKTeX\tex/context/base/mkii\supp-pdf.mkii"
[Loading MPS to PDF converter (version 2006.09.02).]
\scratchcounter=\count397
\scratchdimen=\dimen358
\scratchbox=\box90
\nofMPsegments=\count398
\nofMParguments=\count399
\everyMPshowfont=\toks52
\MPscratchCnt=\count400
\MPscratchDim=\dimen359
\MPnumerator=\count401
\makeMPintoPDFobject=\count402
\everyMPtoPDFconversion=\toks53
) ("C:\Program Files\MiKTeX\tex/latex/epstopdf-pkg\epstopdf-base.sty"
Package: epstopdf-base 2020-01-24 v2.11 Base part for package epstopdf
Package epstopdf-base Info: Redefining graphics rule for `.eps' on input line 4
85.
)
ABD: EveryShipout initializing macros

Package pgfplots Warning: running in backwards compatibility mode (unsuitable t
ick labels; missing features). Consider writing \pgfplotsset{compat=1.17} into 
your preamble.
 on input line 5.

\AtBeginShipoutBox=\box91
*geometry* driver: auto-detecting
*geometry* detected driver: pdftex
*geometry* verbose mode - [ preamble ] result:
* driver: pdftex
* paper: <default>
* layout: <same size as paper>
* layoutoffset:(h,v)=(0.0pt,0.0pt)
* modes: twoside 
* h-part:(L,W,R)=(54.2025pt, 379.41751pt, 180.67499pt)
* v-part:(T,H,B)=(54.2025pt, 686.56499pt, 54.2025pt)
* \paperwidth=614.295pt
* \paperheight=794.96999pt
* \textwidth=379.41751pt
* \textheight=686.56499pt
* \oddsidemargin=-18.06749pt
* \evensidemargin=108.405pt
* \topmargin=-45.32867pt
* \headheight=11.0pt
* \headsep=16.26118pt
* \topskip=9.0pt
* \footskip=23.84923pt
* \marginparwidth=126.47249pt
* \marginparsep=18.06749pt
* \columnsep=10.0pt
* \skip\footins=12.0pt plus 4.0pt minus 4.0pt
* \hoffset=0.0pt
* \voffset=0.0pt
* \mag=1000
* \@twocolumnfalse
* \@twosidetrue
* \@mparswitchtrue
* \@reversemarginfalse
* (1in=72.27pt=25.4mm, 1cm=28.453pt)

Package hyperref Info: Link coloring OFF on input line 5.
("C:\Program Files\MiKTeX\tex/latex/hyperref\nameref.sty"
Package: nameref 2019/09/16 v2.46 Cross-referencing by name of section

("C:\Program Files\MiKTeX\tex/latex/refcount\refcount.sty"
Package: refcount 2019/12/15 v3.6 Data extraction from label references (HO)
)
("C:\Program Files\MiKTeX\tex/generic/gettitlestring\gettitlestring.sty"
Package: gettitlestring 2019/12/15 v1.6 Cleanup title references (HO)
)
\c@section@level=\count403
)
Redoing nameref's sectioning
Redoing nameref's label
LaTeX Info: Redefining \nameref on input line 5.
LaTeX Info: Redefining \ref on input line 5.
LaTeX Info: Redefining \pageref on input line 5.
LaTeX Info: Redefining \nameref on input line 5.
("Solution Manual for Versatile Math 2nd Edition.out")
("Solution Manual for Versatile Math 2nd Edition.out")
\@outlinefile=\write8
\openout8 = `"Solution Manual for Versatile Math 2nd Edition.out"'.

*geometry* verbose mode - [ newgeometry ] result:
* driver: pdftex
* paper: <default>
* layout: <same size as paper>
* layoutoffset:(h,v)=(0.0pt,0.0pt)
* modes: twoside 
* h-part:(L,W,R)=(90.3375pt, 433.62001pt, 90.3375pt)
* v-part:(T,H,B)=(90.3375pt, 614.295pt, 90.3375pt)
* \paperwidth=614.295pt
* \paperheight=794.96999pt
* \textwidth=433.62001pt
* \textheight=614.295pt
* \oddsidemargin=18.0675pt
* \evensidemargin=18.0675pt
* \topmargin=-9.19368pt
* \headheight=11.0pt
* \headsep=16.26118pt
* \topskip=9.0pt
* \footskip=23.84923pt
* \marginparwidth=126.47249pt
* \marginparsep=18.06749pt
* \columnsep=10.0pt
* \skip\footins=12.0pt plus 4.0pt minus 4.0pt
* \hoffset=0.0pt
* \voffset=0.0pt
* \mag=1000
* \@twocolumnfalse
* \@twosidetrue
* \@mparswitchtrue
* \@reversemarginfalse
* (1in=72.27pt=25.4mm, 1cm=28.453pt)

LaTeX Font Info:    Trying to load font information for OT1+lmr on input line 9
.

("C:\Program Files\MiKTeX\tex/latex/lm\ot1lmr.fd"
File: ot1lmr.fd 2009/10/30 v1.6 Font defs for Latin Modern
)
LaTeX Font Info:    Trying to load font information for OML+lmm on input line 9
.

("C:\Program Files\MiKTeX\tex/latex/lm\omllmm.fd"
File: omllmm.fd 2009/10/30 v1.6 Font defs for Latin Modern
)
LaTeX Font Info:    Trying to load font information for OMS+lmsy on input line 
9.

("C:\Program Files\MiKTeX\tex/latex/lm\omslmsy.fd"
File: omslmsy.fd 2009/10/30 v1.6 Font defs for Latin Modern
)
LaTeX Font Info:    Trying to load font information for OMX+lmex on input line 
9.

("C:\Program Files\MiKTeX\tex/latex/lm\omxlmex.fd"
File: omxlmex.fd 2009/10/30 v1.6 Font defs for Latin Modern
)
LaTeX Font Info:    External font `lmex10' loaded for size
(Font)              <9> on input line 9.
LaTeX Font Info:    External font `lmex10' loaded for size
(Font)              <6> on input line 9.
LaTeX Font Info:    External font `lmex10' loaded for size
(Font)              <5> on input line 9.
LaTeX Font Info:    Trying to load font information for U+msa on input line 9.

("C:\Program Files\MiKTeX\tex/latex/amsfonts\umsa.fd"
File: umsa.fd 2013/01/14 v3.01 AMS symbols A
)
LaTeX Font Info:    Trying to load font information for U+msb on input line 9.

("C:\Program Files\MiKTeX\tex/latex/amsfonts\umsb.fd"
File: umsb.fd 2013/01/14 v3.01 AMS symbols B
)
Underfull \hbox (badness 10000) in paragraph at lines 13--14

 []

[1



{C:/Users/josia/AppData/Local/MiKTeX/2.9/pdftex/config/pdftex.map}]
*geometry* verbose mode - [ newgeometry ] result:
* driver: pdftex
* paper: <default>
* layout: <same size as paper>
* layoutoffset:(h,v)=(0.0pt,0.0pt)
* modes: twoside 
* h-part:(L,W,R)=(90.3375pt, 433.62001pt, 90.3375pt)
* v-part:(T,H,B)=(90.3375pt, 614.295pt, 90.3375pt)
* \paperwidth=614.295pt
* \paperheight=794.96999pt
* \textwidth=433.62001pt
* \textheight=614.295pt
* \oddsidemargin=18.0675pt
* \evensidemargin=18.0675pt
* \topmargin=-9.19368pt
* \headheight=11.0pt
* \headsep=16.26118pt
* \topskip=9.0pt
* \footskip=23.84923pt
* \marginparwidth=126.47249pt
* \marginparsep=18.06749pt
* \columnsep=10.0pt
* \skip\footins=12.0pt plus 4.0pt minus 4.0pt
* \hoffset=0.0pt
* \voffset=0.0pt
* \mag=1000
* \@twocolumnfalse
* \@twosidetrue
* \@mparswitchtrue
* \@reversemarginfalse
* (1in=72.27pt=25.4mm, 1cm=28.453pt)


Overfull \hbox (36.52486pt too wide) in paragraph at lines 22--22
[][] 
 []

("Solution Manual for Versatile Math 2nd Edition.toc"
Overfull \hbox (1.63757pt too wide) detected at line 38
 \T1/lmr/bx/n/9 107
 []

[2

]
Overfull \hbox (1.63757pt too wide) detected at line 43
 \T1/lmr/bx/n/9 117
 []

) [3] [4

]
Overfull \hbox (36.52486pt too wide) in paragraph at lines 31--31
[][] 
 []

[1


]
LaTeX Font Info:    Trying to load font information for T1+fvs on input line 37
.
 ("C:\Program Files\MiKTeX\tex/latex/bera\t1fvs.fd"
File: t1fvs.fd 2004/09/07 scalable font definitions for T1/fvs.
)
("Finance Chapter/Solutions/AppliedPercentageProblems_Solutions.tex" [2]
[3] [4] [5] [6])
("Finance Chapter/Solutions/SimpleAndCompoundInterest_Solutions.tex" [7]
[8] [9] [10]) [11] ("Finance Chapter/Solutions/SavingForRetirement_Solutions.te
x" [12] [13] [14] [15]) [16]
("Finance Chapter/Solutions/MortgagesAndCreditCards_Solutions.tex" [17]
[18] [19] [20] [21]
Underfull \vbox (badness 3803) has occurred while \output is active []

 [22]
Underfull \hbox (badness 10000) in paragraph at lines 210--211

 []


Underfull \hbox (badness 10000) in paragraph at lines 238--239

 []

) [23] ("Finance Chapter/Solutions/IncomeTax_Solutions.tex"
Underfull \vbox (badness 1831) has occurred while \output is active []

 [24]
[25]) [26]
Overfull \hbox (36.52486pt too wide) in paragraph at lines 56--56
[][] 
 []

[27

] ("Growth Models Chapter/Solutions/LinearGrowth_Solutions.tex" [28]
[29] [30]) [31] ("Growth Models Chapter/Solutions/QuadraticGrowth_Solutions.tex
" [32] [33]) [34]
("Growth Models Chapter/Solutions/ExponentialGrowth_Solutions.tex" [35]
[36] [37]) [38] ("Growth Models Chapter/Solutions/LogisticGrowth_Solutions.tex"
[39] [40]) [41] [42

]
Overfull \hbox (36.52486pt too wide) in paragraph at lines 77--77
[][] 
 []

[43] ("Statistics Chapter/Solutions/GatheringData_Solutions.tex") [44]
("Statistics Chapter/Solutions/VisualizingData_Solutions.tex" [45] [46]
Underfull \vbox (badness 1024) has occurred while \output is active []

 [47]
[48] [49] [50]) [51] ("Statistics Chapter/Solutions/DescribingData_Solutions.te
x"
LaTeX Font Info:    External font `lmex10' loaded for size
(Font)              <7> on input line 4.
 [52] [53]) [54] ("Statistics Chapter/Solutions/LinearRegression_Solutions.tex"
 [55] [56]
Overfull \hbox (21.69994pt too wide) in paragraph at lines 121--126
 [] 
 []

[57]) ("Statistics Chapter/Solutions/NormalDistribution_Solutions.tex" [58]
[59] [60]) [61] [62

]
Overfull \hbox (36.52486pt too wide) in paragraph at lines 101--101
[][] 
 []

[63] ("Probability Chapter/Solutions/BasicConceptsOfProbability_Solutions.tex"
[64]
Underfull \vbox (badness 1168) has occurred while \output is active []

 [65])
[66] ("Probability Chapter/Solutions/AdditionRule_Solutions.tex" [67]
Overfull \hbox (6.1653pt too wide) detected at line 64
[]
 []

[68]) [69] ("Probability Chapter/Solutions/MultiplicationRule_Solutions.tex"
[70] [71]) [72] ("Probability Chapter/Solutions/CountingMethods_Solutions.tex"
[73] [74] [75]) [76]
Overfull \hbox (36.52486pt too wide) in paragraph at lines 122--122
[][] 
 []

[77

]
("Linear Programming Chapter/Solutions/LinearFunctionsAndGraphs_Solutions.tex"
Underfull \vbox (badness 10000) has occurred while \output is active []

 [78]
Underfull \vbox (badness 10000) has occurred while \output is active []

 [79])
[80] ("Linear Programming Chapter/Solutions/SystemsOfEquations_Solutions.tex"
Underfull \vbox (badness 10000) has occurred while \output is active []

 [81])
[82] ("Linear Programming Chapter/Solutions/SystemsOfInequalities_Solutions.tex
" [83])
Underfull \vbox (badness 10000) has occurred while \output is active []

 [84]
("Linear Programming Chapter/Solutions/LinearProgrammingSection_Solutions.tex"
[85]
Underfull \vbox (badness 1715) has occurred while \output is active []

 [86]
Underfull \vbox (badness 2205) has occurred while \output is active []

 [87]
LaTeX Font Info:    Trying to load font information for TS1+lmr on input line 2
52.

("C:\Program Files\MiKTeX\tex/latex/lm\ts1lmr.fd"
File: ts1lmr.fd 2009/10/30 v1.6 Font defs for Latin Modern
) [88] [89] [90]) [91]
[92

]
Overfull \hbox (36.52486pt too wide) in paragraph at lines 145--145
[][] 
 []

[93] ("Logic Chapter/Solutions/StatementsAndLogicalOperations_Solutions.tex"
[94]
Overfull \hbox (3.99907pt too wide) in paragraph at lines 87--88
[]$ 
 []


Overfull \hbox (10.6591pt too wide) in paragraph at lines 89--90
[]$ 
 []


Overfull \hbox (20.44339pt too wide) in paragraph at lines 91--92
[]$ 
 []


Overfull \hbox (27.10342pt too wide) in paragraph at lines 93--94
[]$ 
 []

[95] [96]
Overfull \hbox (134.63042pt too wide) in paragraph at lines 240--257
 [] 
 []

[97]) ("Logic Chapter/Solutions/ConditionalsAndEquivalence_Solutions.tex"
[98] [99]
Underfull \vbox (badness 1226) has occurred while \output is active []

 [100])
("Logic Chapter/Solutions/LogicRules_Solutions.tex"
Underfull \hbox (badness 10000) in paragraph at lines 3--4

 []


Underfull \hbox (badness 10000) in paragraph at lines 8--9

 []


Underfull \hbox (badness 10000) in paragraph at lines 13--14

 []

[101]
Underfull \hbox (badness 10000) in paragraph at lines 19--20

 []


Underfull \hbox (badness 10000) in paragraph at lines 24--25

 []


Underfull \hbox (badness 10000) in paragraph at lines 29--30

 []


Underfull \hbox (badness 10000) in paragraph at lines 34--35

 []


Underfull \hbox (badness 10000) in paragraph at lines 39--39

 []


Underfull \hbox (badness 10000) in paragraph at lines 48--49

 []


Underfull \hbox (badness 10000) in paragraph at lines 53--54

 []


Underfull \hbox (badness 10000) in paragraph at lines 58--59

 []


Underfull \hbox (badness 10000) in paragraph at lines 63--64

 []


Underfull \hbox (badness 10000) in paragraph at lines 73--74

 []

[102]
Underfull \hbox (badness 10000) in paragraph at lines 78--79

 []


Underfull \hbox (badness 10000) in paragraph at lines 83--84

 []


Underfull \hbox (badness 10000) in paragraph at lines 88--89

 []


Underfull \hbox (badness 10000) in paragraph at lines 98--99

 []


Underfull \hbox (badness 10000) in paragraph at lines 103--104

 []


Underfull \hbox (badness 10000) in paragraph at lines 108--109

 []


Underfull \hbox (badness 10000) in paragraph at lines 113--114

 []

[103]
Underfull \hbox (badness 10000) in paragraph at lines 124--125

 []


Underfull \hbox (badness 10000) in paragraph at lines 129--130

 []


Underfull \hbox (badness 10000) in paragraph at lines 134--135

 []


Underfull \hbox (badness 10000) in paragraph at lines 139--140

 []

) ("Logic Chapter/Solutions/Arguments_Solutions.tex" [104] [105]) [106]
Overfull \hbox (36.52486pt too wide) in paragraph at lines 163--163
[][] 
 []

[107

] ("Set Theory Chapter/Solutions/SetConcepts_Solutions.tex" [108] [109])
[110] ("Set Theory Chapter/Solutions/SetOperations_Solutions.tex" [111]
Underfull \vbox (badness 2837) has occurred while \output is active []

 [112])
[113] ("Set Theory Chapter/Solutions/SetProperties_Solutions.tex"
Underfull \hbox (badness 10000) in paragraph at lines 1--2

 []

) [114] ("Set Theory Chapter/Solutions/SurveyProblems_Solutions.tex" [115])
[116]
Overfull \hbox (36.52486pt too wide) in paragraph at lines 186--186
[][] 
 []

[117

] ("Graph Theory Chapter/Solutions/IntroductionToGraphs_Solutions.tex"
<./Images/selected_states_around_md_cropped.png, id=1658, 1069.74657pt x 901.86
937pt>
File: ./Images/selected_states_around_md_cropped.png Graphic file (type png)
<use ./Images/selected_states_around_md_cropped.png>
Package pdftex.def Info: ./Images/selected_states_around_md_cropped.png  used o
n input line 65.
(pdftex.def)             Requested size: 128.57625pt x 108.405pt.

Underfull \vbox (badness 3271) has occurred while \output is active []

 [118 <./Images/selected_states_around_md_cropped.png>]
<./Images/middle_east_countries_cropped.png, id=1668, 1056.19594pt x 1044.90375
pt>
File: ./Images/middle_east_countries_cropped.png Graphic file (type png)
<use ./Images/middle_east_countries_cropped.png>
Package pdftex.def Info: ./Images/middle_east_countries_cropped.png  used on in
put line 110.
(pdftex.def)             Requested size: 146.09363pt x 144.54pt.
 [119 <./Images/middle_east_countries_cropped.png>] [120] [121] [122])
("Graph Theory Chapter/Solutions/EulerAndHamiltonPaths_Solutions.tex"
Overfull \hbox (18.41318pt too wide) in paragraph at lines 58--58
 [] 
 []

[123] [124]
Underfull \vbox (badness 1297) has occurred while \output is active []

 [125]
Overfull \hbox (23.37064pt too wide) in paragraph at lines 607--607
 [] 
 []

[126]
<./Images/southeast_states2_cropped.png, id=1773, 1264.725pt x 1254.93843pt>
File: ./Images/southeast_states2_cropped.png Graphic file (type png)
<use ./Images/southeast_states2_cropped.png>
Package pdftex.def Info: ./Images/southeast_states2_cropped.png  used on input 
line 644.
(pdftex.def)             Requested size: 123.81676pt x 122.85876pt.
<./Images/france_states_cropped.png, id=1774, 2299.8422pt x 2294.5725pt>
File: ./Images/france_states_cropped.png Graphic file (type png)
<use ./Images/france_states_cropped.png>
Package pdftex.def Info: ./Images/france_states_cropped.png  used on input line
 649.
(pdftex.def)             Requested size: 115.87616pt x 115.63243pt.
 [127 <./Images/southeast_states2_cropped.png> <./Images/france_states_cropped.
png>]) ("Graph Theory Chapter/Solutions/ShortestPaths_Solutions.tex"
Overfull \hbox (28.28058pt too wide) in paragraph at lines 26--26
 [] 
 []


Overfull \hbox (24.10315pt too wide) in paragraph at lines 54--54
 [] 
 []


Overfull \hbox (29.06879pt too wide) in paragraph at lines 88--88
 [] 
 []


Underfull \vbox (badness 5133) has occurred while \output is active []

 [128]
Overfull \hbox (11.89563pt too wide) in paragraph at lines 130--130
 [] 
 []


Overfull \hbox (34.6579pt too wide) in paragraph at lines 172--172
 [] 
 []


Overfull \hbox (2.45535pt too wide) in paragraph at lines 199--199
 [] 
 []


Underfull \vbox (badness 7433) has occurred while \output is active []

 [129])
[130] ("Graph Theory Chapter/Solutions/Trees_Solutions.tex"
Overfull \hbox (4.55591pt too wide) in paragraph at lines 4--86
 [] 
 []

[131] [132]
Underfull \vbox (badness 3128) has occurred while \output is active []

 [133]
[134]
Overfull \hbox (109.84587pt too wide) in paragraph at lines 543--555
 [] 
 []

) [135]
\tf@toc=\write9
\openout9 = `"Solution Manual for Versatile Math 2nd Edition.toc"'.

Package atveryend Info: Empty hook `BeforeClearDocument' on input line 203.
Package atveryend Info: Empty hook `AfterLastShipout' on input line 203.
 ("Solution Manual for Versatile Math 2nd Edition.aux")
Package atveryend Info: Executing hook `AtVeryEndDocument' on input line 203.
Package atveryend Info: Executing hook `AtEndAfterFileList' on input line 203.
Package rerunfilecheck Info: File `"Solution Manual for Versatile Math 2nd Edit
ion".out' has not changed.
(rerunfilecheck)             Checksum: AC8C50D4B58D946C0CD3777CF549C116;2846.
 ) 
Here is how much of TeX's memory you used:
 55778 strings out of 481178
 1353821 string characters out of 2914469
 1985165 words of memory out of 3000000
 69285 multiletter control sequences out of 15000+200000
 654071 words of font info for 91 fonts, out of 3000000 for 9000
 1141 hyphenation exceptions out of 8191
 74i,18n,103p,882b,2212s stack positions out of 5000i,500n,10000p,200000b,50000s
{C:/Program Files/MiKTeX/fonts/enc/dvips/lm/lm-rm.enc}{C:/Program Files/MiKTe
X/fonts/enc/dvips/lm/lm-mathsy.enc}{C:/Program Files/MiKTeX/fonts/enc/dvips/lm/
lm-mathit.enc}{C:/Program Files/MiKTeX/fonts/enc/dvips/lm/lm-ts1.enc}{C:/Progra
m Files/MiKTeX/fonts/enc/dvips/lm/lm-ec.enc}{C:/Program Files/MiKTeX/fonts/enc/
dvips/lm/lm-mathex.enc}{C:/Program Files/MiKTeX/fonts/enc/dvips/base/8r.enc}<C:
/Program Files/MiKTeX/fonts/type1/public/eurosym/feymr10.pfb><C:/Program Files/
MiKTeX/fonts/type1/bera/fvsb8a.pfb><C:/Program Files/MiKTeX/fonts/type1/public/
amsfonts/latxfont/line10.pfb><C:/Program Files/MiKTeX/fonts/type1/public/lm/lmb
x10.pfb><C:/Program Files/MiKTeX/fonts/type1/public/lm/lmbx12.pfb><C:/Program F
iles/MiKTeX/fonts/type1/public/lm/lmbx7.pfb><C:/Program Files/MiKTeX/fonts/type
1/public/lm/lmbx9.pfb><C:/Program Files/MiKTeX/fonts/type1/public/lm/lmcsc10.pf
b><C:/Program Files/MiKTeX/fonts/type1/public/lm/lmex10.pfb><C:/Program Files/M
iKTeX/fonts/type1/public/lm/lmmi5.pfb><C:/Program Files/MiKTeX/fonts/type1/publ
ic/lm/lmmi6.pfb><C:/Program Files/MiKTeX/fonts/type1/public/lm/lmmi7.pfb><C:/Pr
ogram Files/MiKTeX/fonts/type1/public/lm/lmmi9.pfb><C:/Program Files/MiKTeX/fon
ts/type1/public/lm/lmr10.pfb><C:/Program Files/MiKTeX/fonts/type1/public/lm/lmr
5.pfb><C:/Program Files/MiKTeX/fonts/type1/public/lm/lmr6.pfb><C:/Program Files
/MiKTeX/fonts/type1/public/lm/lmr7.pfb><C:/Program Files/MiKTeX/fonts/type1/pub
lic/lm/lmr8.pfb><C:/Program Files/MiKTeX/fonts/type1/public/lm/lmr9.pfb><C:/Pro
gram Files/MiKTeX/fonts/type1/public/lm/lmri12.pfb><C:/Program Files/MiKTeX/fon
ts/type1/public/lm/lmri9.pfb><C:/Program Files/MiKTeX/fonts/type1/public/lm/lms
y5.pfb><C:/Program Files/MiKTeX/fonts/type1/public/lm/lmsy6.pfb><C:/Program Fil
es/MiKTeX/fonts/type1/public/lm/lmsy7.pfb><C:/Program Files/MiKTeX/fonts/type1/
public/lm/lmsy9.pfb><C:/Program Files/MiKTeX/fonts/type1/public/amsfonts/symbol
s/msam10.pfb><C:/Program Files/MiKTeX/fonts/type1/public/amsfonts/symbols/msbm1
0.pfb>
Output written on "Solution Manual for Versatile Math 2nd Edition.pdf" (139 pag
es, 1884337 bytes).
PDF statistics:
 2207 PDF objects out of 2487 (max. 8388607)
 1210 named destinations out of 1440 (max. 500000)
 369 words of extra memory for PDF output out of 10000 (max. 10000000)

