\BOOKMARK [0][-]{chapter.1}{Financial Mathematics}{}% 1
\BOOKMARK [1][-]{section*.2}{1.2 Applied Percentage Problems}{chapter.1}% 2
\BOOKMARK [1][-]{section*.3}{1.3 Simple and Compound Interest}{chapter.1}% 3
\BOOKMARK [1][-]{section*.4}{1.4 Saving for Retirement}{chapter.1}% 4
\BOOKMARK [1][-]{section*.5}{1.5 Mortgages and Credit Cards}{chapter.1}% 5
\BOOKMARK [1][-]{section*.6}{1.6 Income Tax}{chapter.1}% 6
\BOOKMARK [0][-]{chapter.2}{Growth Models}{}% 7
\BOOKMARK [1][-]{section*.7}{2.1 Linear Models}{chapter.2}% 8
\BOOKMARK [1][-]{section*.8}{2.2 Quadratic Models}{chapter.2}% 9
\BOOKMARK [1][-]{section*.9}{2.3 Exponential Models}{chapter.2}% 10
\BOOKMARK [1][-]{section*.14}{2.4 Logistic Models}{chapter.2}% 11
\BOOKMARK [0][-]{chapter.3}{Statistics}{}% 12
\BOOKMARK [1][-]{section*.15}{3.1 Gathering Data}{chapter.3}% 13
\BOOKMARK [1][-]{section*.16}{3.2 Visualizing Data}{chapter.3}% 14
\BOOKMARK [1][-]{section*.17}{3.3 Describing Data with Statistics}{chapter.3}% 15
\BOOKMARK [1][-]{section*.18}{3.4 Linear Regression}{chapter.3}% 16
\BOOKMARK [1][-]{section*.19}{3.5 The Normal Distribution}{chapter.3}% 17
\BOOKMARK [0][-]{chapter.4}{Probability}{}% 18
\BOOKMARK [1][-]{section*.20}{4.1 Basic Concepts of Probability}{chapter.4}% 19
\BOOKMARK [1][-]{section*.21}{4.2 The Addition Rule and the Rule of Complements}{chapter.4}% 20
\BOOKMARK [1][-]{section*.22}{4.3 The Multiplication Rule and Conditional Probability}{chapter.4}% 21
\BOOKMARK [1][-]{section*.23}{4.4 Counting Methods}{chapter.4}% 22
\BOOKMARK [0][-]{chapter.5}{Linear Programming}{}% 23
\BOOKMARK [1][-]{section*.24}{5.1 Linear Functions and Their Graphs}{chapter.5}% 24
\BOOKMARK [1][-]{section*.25}{5.2 Systems of Linear Equations}{chapter.5}% 25
\BOOKMARK [1][-]{section*.26}{5.3 Systems of Linear Inequalities}{chapter.5}% 26
\BOOKMARK [1][-]{section*.27}{5.4 Linear Programming}{chapter.5}% 27
\BOOKMARK [0][-]{chapter.6}{Logic}{}% 28
\BOOKMARK [1][-]{section*.28}{6.1 Statements and Logical Operations}{chapter.6}% 29
\BOOKMARK [1][-]{section*.29}{6.2 Conditionals and Equivalence}{chapter.6}% 30
\BOOKMARK [1][-]{section*.30}{6.3 Logic Rules}{chapter.6}% 31
\BOOKMARK [1][-]{section*.31}{6.4 Arguments}{chapter.6}% 32
\BOOKMARK [0][-]{chapter.7}{Set Theory}{}% 33
\BOOKMARK [1][-]{section*.32}{7.1 Basic Concepts}{chapter.7}% 34
\BOOKMARK [1][-]{section*.33}{7.2 Set Operations}{chapter.7}% 35
\BOOKMARK [1][-]{section*.34}{7.3 Properties of Set Operations}{chapter.7}% 36
\BOOKMARK [1][-]{section*.35}{7.4 Survey Problems}{chapter.7}% 37
\BOOKMARK [0][-]{chapter.8}{Graph Theory}{}% 38
\BOOKMARK [1][-]{section*.36}{8.1 Introduction to Graphs}{chapter.8}% 39
\BOOKMARK [1][-]{section*.37}{8.2 Euler and Hamilton Paths}{chapter.8}% 40
\BOOKMARK [1][-]{section*.38}{8.3 Shortest Paths}{chapter.8}% 41
\BOOKMARK [1][-]{section*.39}{8.4 Trees}{chapter.8}% 42
